<?xml version="1.0" encoding="UTF-8"?>
<testng-results ignored="0" total="4" passed="4" failed="0" skipped="0">
  <reporter-output>
  </reporter-output>
  <suite started-at="2019-01-22T20:53:46Z" name="Default Suite" finished-at="2019-01-22T20:54:06Z" duration-ms="20123">
    <groups>
      <group name="cucumber">
        <method signature="AbstractTestNGCucumberTests.runScenario(cucumber.api.testng.PickleEventWrapper, cucumber.api.testng.CucumberFeatureWrapper)[pri:0, instance:Hooks.TestRunner@4988d8b8]" name="runScenario" class="cucumber.api.testng.AbstractTestNGCucumberTests"/>
      </group> <!-- cucumber -->
    </groups>
    <test started-at="2019-01-22T20:53:46Z" name="Chrome Browser" finished-at="2019-01-22T20:54:06Z" duration-ms="20123">
      <class name="Hooks.TestRunner">
        <test-method is-config="true" signature="InitializeWebDriver(java.lang.String)[pri:0, instance:Hooks.TestRunner@4988d8b8]" started-at="2019-01-22T20:53:46Z" name="InitializeWebDriver" finished-at="2019-01-22T20:53:53Z" duration-ms="6634" status="PASS">
          <params>
            <param index="0">
              <value>
                <![CDATA[chrome]]>
              </value>
            </param>
          </params>
          <reporter-output>
          </reporter-output>
        </test-method> <!-- InitializeWebDriver -->
        <test-method is-config="true" signature="setUpClass()[pri:0, instance:Hooks.TestRunner@4988d8b8]" started-at="2019-01-22T20:53:53Z" name="setUpClass" finished-at="2019-01-22T20:53:53Z" duration-ms="229" status="PASS">
          <reporter-output>
          </reporter-output>
        </test-method> <!-- setUpClass -->
        <test-method signature="runScenario(cucumber.api.testng.PickleEventWrapper, cucumber.api.testng.CucumberFeatureWrapper)[pri:0, instance:Hooks.TestRunner@4988d8b8]" started-at="2019-01-22T20:53:53Z" name="runScenario" description="Runs Cucumber Scenarios" data-provider="scenarios" finished-at="2019-01-22T20:53:57Z" duration-ms="4364" status="PASS">
          <params>
            <param index="0">
              <value>
                <![CDATA["testing a link"]]>
              </value>
            </param>
            <param index="1">
              <value>
                <![CDATA["testing"]]>
              </value>
            </param>
          </params>
          <reporter-output>
          </reporter-output>
        </test-method> <!-- runScenario -->
        <test-method signature="runScenario(cucumber.api.testng.PickleEventWrapper, cucumber.api.testng.CucumberFeatureWrapper)[pri:0, instance:Hooks.TestRunner@4988d8b8]" started-at="2019-01-22T20:53:57Z" name="runScenario" description="Runs Cucumber Scenarios" data-provider="scenarios" finished-at="2019-01-22T20:54:00Z" duration-ms="2341" status="PASS">
          <params>
            <param index="0">
              <value>
                <![CDATA["testing a link two"]]>
              </value>
            </param>
            <param index="1">
              <value>
                <![CDATA["testing"]]>
              </value>
            </param>
          </params>
          <reporter-output>
          </reporter-output>
        </test-method> <!-- runScenario -->
        <test-method signature="runScenario(cucumber.api.testng.PickleEventWrapper, cucumber.api.testng.CucumberFeatureWrapper)[pri:0, instance:Hooks.TestRunner@4988d8b8]" started-at="2019-01-22T20:54:00Z" name="runScenario" description="Runs Cucumber Scenarios" data-provider="scenarios" finished-at="2019-01-22T20:54:02Z" duration-ms="2222" status="PASS">
          <params>
            <param index="0">
              <value>
                <![CDATA["testing a link"]]>
              </value>
            </param>
            <param index="1">
              <value>
                <![CDATA["Logout"]]>
              </value>
            </param>
          </params>
          <reporter-output>
          </reporter-output>
        </test-method> <!-- runScenario -->
        <test-method signature="runScenario(cucumber.api.testng.PickleEventWrapper, cucumber.api.testng.CucumberFeatureWrapper)[pri:0, instance:Hooks.TestRunner@4988d8b8]" started-at="2019-01-22T20:54:02Z" name="runScenario" description="Runs Cucumber Scenarios" data-provider="scenarios" finished-at="2019-01-22T20:54:04Z" duration-ms="2008" status="PASS">
          <params>
            <param index="0">
              <value>
                <![CDATA["testing a link two"]]>
              </value>
            </param>
            <param index="1">
              <value>
                <![CDATA["Logout"]]>
              </value>
            </param>
          </params>
          <reporter-output>
          </reporter-output>
        </test-method> <!-- runScenario -->
        <test-method is-config="true" signature="tearDownClass()[pri:0, instance:Hooks.TestRunner@4988d8b8]" started-at="2019-01-22T20:54:04Z" name="tearDownClass" finished-at="2019-01-22T20:54:04Z" duration-ms="109" status="PASS">
          <reporter-output>
          </reporter-output>
        </test-method> <!-- tearDownClass -->
        <test-method is-config="true" signature="TearDown()[pri:0, instance:Hooks.TestRunner@4988d8b8]" started-at="2019-01-22T20:54:04Z" name="TearDown" finished-at="2019-01-22T20:54:06Z" duration-ms="2141" status="PASS">
          <reporter-output>
          </reporter-output>
        </test-method> <!-- TearDown -->
      </class> <!-- Hooks.TestRunner -->
    </test> <!-- Chrome Browser -->
  </suite> <!-- Default Suite -->
</testng-results>
