<?xml version="1.0" encoding="UTF-8"?>
<testng-results ignored="0" total="4" passed="4" failed="0" skipped="0">
  <reporter-output>
  </reporter-output>
  <suite started-at="2019-02-07T19:37:59Z" name="Default Suite" finished-at="2019-02-07T19:38:28Z" duration-ms="29100">
    <groups>
      <group name="cucumber">
        <method signature="AbstractTestNGCucumberTests.runScenario(cucumber.api.testng.PickleEventWrapper, cucumber.api.testng.CucumberFeatureWrapper)[pri:0, instance:Hooks.TestRunner@4988d8b8]" name="runScenario" class="cucumber.api.testng.AbstractTestNGCucumberTests"/>
      </group> <!-- cucumber -->
    </groups>
    <test started-at="2019-02-07T19:37:59Z" name="Chrome Browser" finished-at="2019-02-07T19:38:28Z" duration-ms="29100">
      <class name="Hooks.TestRunner">
        <test-method is-config="true" signature="InitializeWebDriver(java.lang.String)[pri:0, instance:Hooks.TestRunner@4988d8b8]" started-at="2019-02-07T19:37:59Z" name="InitializeWebDriver" finished-at="2019-02-07T19:38:07Z" duration-ms="7758" status="PASS">
          <params>
            <param index="0">
              <value>
                <![CDATA[chrome]]>
              </value>
            </param>
          </params>
          <reporter-output>
          </reporter-output>
        </test-method> <!-- InitializeWebDriver -->
        <test-method is-config="true" signature="setUpClass()[pri:0, instance:Hooks.TestRunner@4988d8b8]" started-at="2019-02-07T19:38:07Z" name="setUpClass" finished-at="2019-02-07T19:38:07Z" duration-ms="176" status="PASS">
          <reporter-output>
          </reporter-output>
        </test-method> <!-- setUpClass -->
        <test-method signature="runScenario(cucumber.api.testng.PickleEventWrapper, cucumber.api.testng.CucumberFeatureWrapper)[pri:0, instance:Hooks.TestRunner@4988d8b8]" started-at="2019-02-07T19:38:07Z" name="runScenario" description="Runs Cucumber Scenarios" data-provider="scenarios" finished-at="2019-02-07T19:38:14Z" duration-ms="6747" status="PASS">
          <params>
            <param index="0">
              <value>
                <![CDATA["testing a link"]]>
              </value>
            </param>
            <param index="1">
              <value>
                <![CDATA["testing"]]>
              </value>
            </param>
          </params>
          <reporter-output>
          </reporter-output>
        </test-method> <!-- runScenario -->
        <test-method signature="runScenario(cucumber.api.testng.PickleEventWrapper, cucumber.api.testng.CucumberFeatureWrapper)[pri:0, instance:Hooks.TestRunner@4988d8b8]" started-at="2019-02-07T19:38:14Z" name="runScenario" description="Runs Cucumber Scenarios" data-provider="scenarios" finished-at="2019-02-07T19:38:18Z" duration-ms="4256" status="PASS">
          <params>
            <param index="0">
              <value>
                <![CDATA["testing a link two"]]>
              </value>
            </param>
            <param index="1">
              <value>
                <![CDATA["testing"]]>
              </value>
            </param>
          </params>
          <reporter-output>
          </reporter-output>
        </test-method> <!-- runScenario -->
        <test-method signature="runScenario(cucumber.api.testng.PickleEventWrapper, cucumber.api.testng.CucumberFeatureWrapper)[pri:0, instance:Hooks.TestRunner@4988d8b8]" started-at="2019-02-07T19:38:18Z" name="runScenario" description="Runs Cucumber Scenarios" data-provider="scenarios" finished-at="2019-02-07T19:38:22Z" duration-ms="4478" status="PASS">
          <params>
            <param index="0">
              <value>
                <![CDATA["testing a link"]]>
              </value>
            </param>
            <param index="1">
              <value>
                <![CDATA["Logout"]]>
              </value>
            </param>
          </params>
          <reporter-output>
          </reporter-output>
        </test-method> <!-- runScenario -->
        <test-method signature="runScenario(cucumber.api.testng.PickleEventWrapper, cucumber.api.testng.CucumberFeatureWrapper)[pri:0, instance:Hooks.TestRunner@4988d8b8]" started-at="2019-02-07T19:38:22Z" name="runScenario" description="Runs Cucumber Scenarios" data-provider="scenarios" finished-at="2019-02-07T19:38:26Z" duration-ms="3956" status="PASS">
          <params>
            <param index="0">
              <value>
                <![CDATA["testing a link two"]]>
              </value>
            </param>
            <param index="1">
              <value>
                <![CDATA["Logout"]]>
              </value>
            </param>
          </params>
          <reporter-output>
          </reporter-output>
        </test-method> <!-- runScenario -->
        <test-method is-config="true" signature="tearDownClass()[pri:0, instance:Hooks.TestRunner@4988d8b8]" started-at="2019-02-07T19:38:26Z" name="tearDownClass" finished-at="2019-02-07T19:38:26Z" duration-ms="42" status="PASS">
          <reporter-output>
          </reporter-output>
        </test-method> <!-- tearDownClass -->
        <test-method is-config="true" signature="TearDown()[pri:0, instance:Hooks.TestRunner@4988d8b8]" started-at="2019-02-07T19:38:26Z" name="TearDown" finished-at="2019-02-07T19:38:28Z" duration-ms="1614" status="PASS">
          <reporter-output>
          </reporter-output>
        </test-method> <!-- TearDown -->
      </class> <!-- Hooks.TestRunner -->
    </test> <!-- Chrome Browser -->
  </suite> <!-- Default Suite -->
</testng-results>
